0 info it worked if it ends with ok
1 verbose cli [ 'X:\\Program Files\\nodejs\\node.exe',
1 verbose cli   'X:\\Program Files\\nodejs\\node_modules\\npm\\bin\\npm-cli.js',
1 verbose cli   'run',
1 verbose cli   'start' ]
2 info using npm@3.8.9
3 info using node@v6.2.0
4 verbose run-script [ 'prestart', 'start', 'poststart' ]
5 info lifecycle nodejs-chat@0.0.1~prestart: nodejs-chat@0.0.1
6 silly lifecycle nodejs-chat@0.0.1~prestart: no script for prestart, continuing
7 info lifecycle nodejs-chat@0.0.1~start: nodejs-chat@0.0.1
8 verbose lifecycle nodejs-chat@0.0.1~start: unsafe-perm in lifecycle true
9 verbose lifecycle nodejs-chat@0.0.1~start: PATH: X:\Program Files\nodejs\node_modules\npm\bin\node-gyp-bin;X:\Users\gsk\Desktop\技术\item\nodejs-chat\node_modules\.bin;X:\Program Files\nodejs;X:\Users\gsk\bin;X:\Program Files\Gitttt\mingw64\bin;X:\Program Files\Gitttt\usr\local\bin;X:\Program Files\Gitttt\usr\bin;X:\Program Files\Gitttt\usr\bin;X:\Program Files\Gitttt\mingw64\bin;X:\Program Files\Gitttt\usr\bin;X:\Users\gsk\bin;X:\ProgramData\Oracle\Java\javapath;X:\WINDOWS\system32;X:\WINDOWS;X:\WINDOWS\System32\Wbem;X:\WINDOWS\System32\WindowsPowerShell\v1.0;X:\Program Files (x86)\ATI Technologies\ATI.ACE\Core-Static;X:\Program Files\nodejs;X:\Program Files\Java\jdk1.8.0_112\bin;X:\Program Files\Java\jdk1.8.0_112\jre\bin;X:\Program Files\Microsoft\Web Platform Installer;X:\Program Files\Gitttt\cmd;X:\MongoDB\bin;X:\Program Files\PuTTY;X:\Users\gsk\AppData\Local\Programs\Python\Python36\Scripts;X:\Users\gsk\AppData\Local\Programs\Python\Python36;X:\Users\gsk\AppData\Roaming\npm;X:\Users\gsk\AppData\Local\atom\bin;X:\Users\gsk\AppData\Local\Microsoft\WindowsApps;X:\Program Files\Gitttt\usr\bin\vendor_perl;X:\Program Files\Gitttt\usr\bin\core_perl
10 verbose lifecycle nodejs-chat@0.0.1~start: CWD: X:\Users\gsk\Desktop\技术\item\nodejs-chat
11 silly lifecycle nodejs-chat@0.0.1~start: Args: [ '/d /s /c', 'node ./bin/www' ]
12 silly lifecycle nodejs-chat@0.0.1~start: Returned: code: 1  signal: null
13 info lifecycle nodejs-chat@0.0.1~start: Failed to exec start script
14 verbose stack Error: nodejs-chat@0.0.1 start: `node ./bin/www`
14 verbose stack Exit status 1
14 verbose stack     at EventEmitter.<anonymous> (X:\Program Files\nodejs\node_modules\npm\lib\utils\lifecycle.js:245:16)
14 verbose stack     at emitTwo (events.js:106:13)
14 verbose stack     at EventEmitter.emit (events.js:191:7)
14 verbose stack     at ChildProcess.<anonymous> (X:\Program Files\nodejs\node_modules\npm\lib\utils\spawn.js:24:14)
14 verbose stack     at emitTwo (events.js:106:13)
14 verbose stack     at ChildProcess.emit (events.js:191:7)
14 verbose stack     at maybeClose (internal/child_process.js:850:16)
14 verbose stack     at Process.ChildProcess._handle.onexit (internal/child_process.js:215:5)
15 verbose pkgid nodejs-chat@0.0.1
16 verbose cwd X:\Users\gsk\Desktop\技术\item\nodejs-chat
17 error Windows_NT 10.0.15063
18 error argv "X:\\Program Files\\nodejs\\node.exe" "X:\\Program Files\\nodejs\\node_modules\\npm\\bin\\npm-cli.js" "run" "start"
19 error node v6.2.0
20 error npm  v3.8.9
21 error code ELIFECYCLE
22 error nodejs-chat@0.0.1 start: `node ./bin/www`
22 error Exit status 1
23 error Failed at the nodejs-chat@0.0.1 start script 'node ./bin/www'.
23 error Make sure you have the latest version of node.js and npm installed.
23 error If you do, this is most likely a problem with the nodejs-chat package,
23 error not with npm itself.
23 error Tell the author that this fails on your system:
23 error     node ./bin/www
23 error You can get information on how to open an issue for this project with:
23 error     npm bugs nodejs-chat
23 error Or if that isn't available, you can get their info via:
23 error     npm owner ls nodejs-chat
23 error There is likely additional logging output above.
24 verbose exit [ 1, true ]
